Build started 11/14/2013 6:58:20 PM.
     1>Project "F:\CS 142 (C++)\Lab 8 - Car Dealership\Lab 8 - Car Dealership\Lab 8 - Car Dealership.vcxproj" on node 2 (build target(s)).
     1>InitializeBuildStatus:
         Creating "Debug\Lab 8 - Car Dealership.unsuccessfulbuild" because "AlwaysCreate" was specified.
       ClCompile:
         c:\Program Files (x86)\Microsoft Visual Studio 10.0\VC\bin\CL.exe /c /ZI /nologo /W3 /WX- /Od /Oy- /D _MBCS /Gm /EHsc /RTC1 /MDd /GS /fp:precise /Zc:wchar_t /Zc:forScope /Fo"Debug\\" /Fd"Debug\vc100.pdb" /Gd /TP /analyze- /errorReport:prompt main.cpp
         main.cpp
     1>f:\cs 142 (c++)\lab 8 - car dealership\lab 8 - car dealership\main.cpp(41): warning C4244: 'return' : conversion from 'double' to 'int', possible loss of data
     1>f:\cs 142 (c++)\lab 8 - car dealership\lab 8 - car dealership\main.cpp(50): warning C4018: '<' : signed/unsigned mismatch
     1>f:\cs 142 (c++)\lab 8 - car dealership\lab 8 - car dealership\main.cpp(81): warning C4018: '<' : signed/unsigned mismatch
     1>f:\cs 142 (c++)\lab 8 - car dealership\lab 8 - car dealership\main.cpp(110): warning C4018: '<' : signed/unsigned mismatch
     1>f:\cs 142 (c++)\lab 8 - car dealership\lab 8 - car dealership\main.cpp(138): warning C4018: '<' : signed/unsigned mismatch
     1>f:\cs 142 (c++)\lab 8 - car dealership\lab 8 - car dealership\main.cpp(202): warning C4018: '<' : signed/unsigned mismatch
       Link:
         c:\Program Files (x86)\Microsoft Visual Studio 10.0\VC\bin\link.exe /ERRORREPORT:PROMPT /OUT:"F:\CS 142 (C++)\Lab 8 - Car Dealership\Debug\Lab 8 - Car Dealership.exe" /NOLOGO kernel32.lib user32.lib gdi32.lib winspool.lib comdlg32.lib advapi32.lib shell32.lib ole32.lib oleaut32.lib uuid.lib odbc32.lib odbccp32.lib /MANIFEST /ManifestFile:"Debug\Lab 8 - Car Dealership.exe.intermediate.manifest" /MANIFESTUAC:"level='asInvoker' uiAccess='false'" /DEBUG /PDB:"F:\CS 142 (C++)\Lab 8 - Car Dealership\Debug\Lab 8 - Car Dealership.pdb" /TLBID:1 /DYNAMICBASE /NXCOMPAT /IMPLIB:"F:\CS 142 (C++)\Lab 8 - Car Dealership\Debug\Lab 8 - Car Dealership.lib" /MACHINE:X86 Debug\Car.obj
         Debug\main.obj
         LINK : F:\CS 142 (C++)\Lab 8 - Car Dealership\Debug\Lab 8 - Car Dealership.exe not found or not built by the last incremental link; performing full link
         Lab 8 - Car Dealership.vcxproj -> F:\CS 142 (C++)\Lab 8 - Car Dealership\Debug\Lab 8 - Car Dealership.exe
       Manifest:
         C:\Program Files (x86)\Microsoft SDKs\Windows\v7.0A\bin\mt.exe /nologo /verbose /outputresource:"F:\CS 142 (C++)\Lab 8 - Car Dealership\Debug\Lab 8 - Car Dealership.exe;#1" /manifest "Debug\Lab 8 - Car Dealership.exe.intermediate.manifest"
       FinalizeBuildStatus:
         Deleting file "Debug\Lab 8 - Car Dealership.unsuccessfulbuild".
         Touching "Debug\Lab 8 - Car Dealership.lastbuildstate".
     1>Done Building Project "F:\CS 142 (C++)\Lab 8 - Car Dealership\Lab 8 - Car Dealership\Lab 8 - Car Dealership.vcxproj" (build target(s)).

Build succeeded.

Time Elapsed 00:00:05.86
