Build started 11/11/2013 7:56:08 PM.
     1>Project "F:\CS 142 (C++)\Midterm 2\Midterm 2\Midterm 2.vcxproj" on node 2 (build target(s)).
     1>InitializeBuildStatus:
         Creating "Debug\Midterm 2.unsuccessfulbuild" because "AlwaysCreate" was specified.
       ClCompile:
         c:\Program Files (x86)\Microsoft Visual Studio 10.0\VC\bin\CL.exe /c /ZI /nologo /W3 /WX- /Od /Oy- /D _MBCS /Gm /EHsc /RTC1 /MDd /GS /fp:precise /Zc:wchar_t /Zc:forScope /Fo"Debug\\" /Fd"Debug\vc100.pdb" /Gd /TP /analyze- /errorReport:prompt main.cpp
         main.cpp
     1>f:\cs 142 (c++)\midterm 2\midterm 2\main.cpp(47): warning C4244: 'return' : conversion from 'double' to 'int', possible loss of data
     1>f:\cs 142 (c++)\midterm 2\midterm 2\main.cpp(134): warning C4018: '<' : signed/unsigned mismatch
     1>f:\cs 142 (c++)\midterm 2\midterm 2\main.cpp(141): warning C4018: '<' : signed/unsigned mismatch
     1>f:\cs 142 (c++)\midterm 2\midterm 2\main.cpp(151): warning C4018: '<' : signed/unsigned mismatch
     1>f:\cs 142 (c++)\midterm 2\midterm 2\main.cpp(159): warning C4018: '<' : signed/unsigned mismatch
     1>f:\cs 142 (c++)\midterm 2\midterm 2\main.cpp(175): warning C4018: '<' : signed/unsigned mismatch
     1>f:\cs 142 (c++)\midterm 2\midterm 2\main.cpp(185): warning C4018: '<' : signed/unsigned mismatch
     1>f:\cs 142 (c++)\midterm 2\midterm 2\main.cpp(192): warning C4018: '<' : signed/unsigned mismatch
     1>f:\cs 142 (c++)\midterm 2\midterm 2\main.cpp(203): warning C4018: '<' : signed/unsigned mismatch
     1>f:\cs 142 (c++)\midterm 2\midterm 2\main.cpp(211): warning C4018: '<' : signed/unsigned mismatch
     1>f:\cs 142 (c++)\midterm 2\midterm 2\main.cpp(227): warning C4018: '<' : signed/unsigned mismatch
     1>f:\cs 142 (c++)\midterm 2\midterm 2\main.cpp(240): warning C4018: '<' : signed/unsigned mismatch
     1>f:\cs 142 (c++)\midterm 2\midterm 2\main.cpp(246): warning C4018: '<' : signed/unsigned mismatch
     1>f:\cs 142 (c++)\midterm 2\midterm 2\main.cpp(254): warning C4018: '<' : signed/unsigned mismatch
     1>f:\cs 142 (c++)\midterm 2\midterm 2\main.cpp(269): warning C4018: '<' : signed/unsigned mismatch
     1>f:\cs 142 (c++)\midterm 2\midterm 2\main.cpp(280): warning C4018: '<' : signed/unsigned mismatch
     1>f:\cs 142 (c++)\midterm 2\midterm 2\main.cpp(288): warning C4018: '<' : signed/unsigned mismatch
     1>f:\cs 142 (c++)\midterm 2\midterm 2\main.cpp(292): warning C4018: '<' : signed/unsigned mismatch
     1>f:\cs 142 (c++)\midterm 2\midterm 2\main.cpp(305): warning C4018: '<' : signed/unsigned mismatch
     1>f:\cs 142 (c++)\midterm 2\midterm 2\main.cpp(316): warning C4018: '<' : signed/unsigned mismatch
     1>f:\cs 142 (c++)\midterm 2\midterm 2\main.cpp(326): warning C4018: '<' : signed/unsigned mismatch
       Link:
         c:\Program Files (x86)\Microsoft Visual Studio 10.0\VC\bin\link.exe /ERRORREPORT:PROMPT /OUT:"F:\CS 142 (C++)\Midterm 2\Debug\Midterm 2.exe" /NOLOGO kernel32.lib user32.lib gdi32.lib winspool.lib comdlg32.lib advapi32.lib shell32.lib ole32.lib oleaut32.lib uuid.lib odbc32.lib odbccp32.lib /MANIFEST /ManifestFile:"Debug\Midterm 2.exe.intermediate.manifest" /MANIFESTUAC:"level='asInvoker' uiAccess='false'" /DEBUG /PDB:"F:\CS 142 (C++)\Midterm 2\Debug\Midterm 2.pdb" /TLBID:1 /DYNAMICBASE /NXCOMPAT /IMPLIB:"F:\CS 142 (C++)\Midterm 2\Debug\Midterm 2.lib" /MACHINE:X86 Debug\main.obj
         LINK : F:\CS 142 (C++)\Midterm 2\Debug\Midterm 2.exe not found or not built by the last incremental link; performing full link
         Midterm 2.vcxproj -> F:\CS 142 (C++)\Midterm 2\Debug\Midterm 2.exe
       Manifest:
         C:\Program Files (x86)\Microsoft SDKs\Windows\v7.0A\bin\mt.exe /nologo /verbose /outputresource:"F:\CS 142 (C++)\Midterm 2\Debug\Midterm 2.exe;#1" /manifest "Debug\Midterm 2.exe.intermediate.manifest"
       FinalizeBuildStatus:
         Deleting file "Debug\Midterm 2.unsuccessfulbuild".
         Touching "Debug\Midterm 2.lastbuildstate".
     1>Done Building Project "F:\CS 142 (C++)\Midterm 2\Midterm 2\Midterm 2.vcxproj" (build target(s)).

Build succeeded.

Time Elapsed 00:00:05.65
