Build started 11/21/2013 7:26:45 PM.
     1>Project "F:\CS 142 (C++)\Lab 9 - Rock Paper Scissors\Lab 9 - Rock Paper Scissors\Lab 9 - Rock Paper Scissors.vcxproj" on node 2 (build target(s)).
     1>InitializeBuildStatus:
         Creating "Debug\Lab 9 - Rock Paper Scissors.unsuccessfulbuild" because "AlwaysCreate" was specified.
       ClCompile:
         c:\Program Files (x86)\Microsoft Visual Studio 10.0\VC\bin\CL.exe /c /ZI /nologo /W3 /WX- /Od /Oy- /D _MBCS /Gm /EHsc /RTC1 /MDd /GS /fp:precise /Zc:wchar_t /Zc:forScope /Fo"Debug\\" /Fd"Debug\vc100.pdb" /Gd /TP /analyze- /errorReport:prompt main.cpp
         main.cpp
     1>f:\cs 142 (c++)\lab 9 - rock paper scissors\lab 9 - rock paper scissors\main.cpp(101): warning C4244: 'return' : conversion from 'double' to 'int', possible loss of data
     1>f:\cs 142 (c++)\lab 9 - rock paper scissors\lab 9 - rock paper scissors\main.cpp(110): warning C4018: '<' : signed/unsigned mismatch
     1>f:\cs 142 (c++)\lab 9 - rock paper scissors\lab 9 - rock paper scissors\main.cpp(130): warning C4018: '<' : signed/unsigned mismatch
     1>f:\cs 142 (c++)\lab 9 - rock paper scissors\lab 9 - rock paper scissors\main.cpp(156): warning C4018: '<' : signed/unsigned mismatch
     1>f:\cs 142 (c++)\lab 9 - rock paper scissors\lab 9 - rock paper scissors\main.cpp(179): warning C4018: '<' : signed/unsigned mismatch
     1>f:\cs 142 (c++)\lab 9 - rock paper scissors\lab 9 - rock paper scissors\main.cpp(284): warning C4101: 'menu' : unreferenced local variable
       Link:
         c:\Program Files (x86)\Microsoft Visual Studio 10.0\VC\bin\link.exe /ERRORREPORT:PROMPT /OUT:"F:\CS 142 (C++)\Lab 9 - Rock Paper Scissors\Debug\Lab 9 - Rock Paper Scissors.exe" /NOLOGO kernel32.lib user32.lib gdi32.lib winspool.lib comdlg32.lib advapi32.lib shell32.lib ole32.lib oleaut32.lib uuid.lib odbc32.lib odbccp32.lib /MANIFEST /ManifestFile:"Debug\Lab 9 - Rock Paper Scissors.exe.intermediate.manifest" /MANIFESTUAC:"level='asInvoker' uiAccess='false'" /DEBUG /PDB:"F:\CS 142 (C++)\Lab 9 - Rock Paper Scissors\Debug\Lab 9 - Rock Paper Scissors.pdb" /TLBID:1 /DYNAMICBASE /NXCOMPAT /IMPLIB:"F:\CS 142 (C++)\Lab 9 - Rock Paper Scissors\Debug\Lab 9 - Rock Paper Scissors.lib" /MACHINE:X86 Debug\main.obj
         Debug\player.obj
         LINK : F:\CS 142 (C++)\Lab 9 - Rock Paper Scissors\Debug\Lab 9 - Rock Paper Scissors.exe not found or not built by the last incremental link; performing full link
         Lab 9 - Rock Paper Scissors.vcxproj -> F:\CS 142 (C++)\Lab 9 - Rock Paper Scissors\Debug\Lab 9 - Rock Paper Scissors.exe
       Manifest:
         C:\Program Files (x86)\Microsoft SDKs\Windows\v7.0A\bin\mt.exe /nologo /verbose /outputresource:"F:\CS 142 (C++)\Lab 9 - Rock Paper Scissors\Debug\Lab 9 - Rock Paper Scissors.exe;#1" /manifest "Debug\Lab 9 - Rock Paper Scissors.exe.intermediate.manifest"
       FinalizeBuildStatus:
         Deleting file "Debug\Lab 9 - Rock Paper Scissors.unsuccessfulbuild".
         Touching "Debug\Lab 9 - Rock Paper Scissors.lastbuildstate".
     1>Done Building Project "F:\CS 142 (C++)\Lab 9 - Rock Paper Scissors\Lab 9 - Rock Paper Scissors\Lab 9 - Rock Paper Scissors.vcxproj" (build target(s)).

Build succeeded.

Time Elapsed 00:00:05.04
