Build started 9/6/2013 3:55:01 PM.
     1>Project "F:\CS 142 (C++)\Lab 2 - Pizza\Lab 2 - Pizza\Lab 2 - Pizza.vcxproj" on node 2 (build target(s)).
     1>InitializeBuildStatus:
         Creating "Debug\Lab 2 - Pizza.unsuccessfulbuild" because "AlwaysCreate" was specified.
       ClCompile:
         c:\Program Files (x86)\Microsoft Visual Studio 10.0\VC\bin\CL.exe /c /ZI /nologo /W3 /WX- /Od /Oy- /D _MBCS /Gm /EHsc /RTC1 /MDd /GS /fp:precise /Zc:wchar_t /Zc:forScope /Fo"Debug\\" /Fd"Debug\vc100.pdb" /Gd /TP /analyze- /errorReport:prompt main.cpp
         main.cpp
     1>f:\cs 142 (c++)\lab 2 - pizza\lab 2 - pizza\main.cpp(12): warning C4305: 'initializing' : truncation from 'double' to 'float'
     1>f:\cs 142 (c++)\lab 2 - pizza\lab 2 - pizza\main.cpp(36): warning C4244: '=' : conversion from 'double' to 'float', possible loss of data
     1>f:\cs 142 (c++)\lab 2 - pizza\lab 2 - pizza\main.cpp(43): warning C4244: '=' : conversion from 'float' to 'int', possible loss of data
       Link:
         c:\Program Files (x86)\Microsoft Visual Studio 10.0\VC\bin\link.exe /ERRORREPORT:PROMPT /OUT:"F:\CS 142 (C++)\Lab 2 - Pizza\Debug\Lab 2 - Pizza.exe" /NOLOGO kernel32.lib user32.lib gdi32.lib winspool.lib comdlg32.lib advapi32.lib shell32.lib ole32.lib oleaut32.lib uuid.lib odbc32.lib odbccp32.lib /MANIFEST /ManifestFile:"Debug\Lab 2 - Pizza.exe.intermediate.manifest" /MANIFESTUAC:"level='asInvoker' uiAccess='false'" /DEBUG /PDB:"F:\CS 142 (C++)\Lab 2 - Pizza\Debug\Lab 2 - Pizza.pdb" /TLBID:1 /DYNAMICBASE /NXCOMPAT /IMPLIB:"F:\CS 142 (C++)\Lab 2 - Pizza\Debug\Lab 2 - Pizza.lib" /MACHINE:X86 Debug\main.obj
         LINK : F:\CS 142 (C++)\Lab 2 - Pizza\Debug\Lab 2 - Pizza.exe not found or not built by the last incremental link; performing full link
         Lab 2 - Pizza.vcxproj -> F:\CS 142 (C++)\Lab 2 - Pizza\Debug\Lab 2 - Pizza.exe
       Manifest:
         C:\Program Files (x86)\Microsoft SDKs\Windows\v7.0A\bin\mt.exe /nologo /verbose /outputresource:"F:\CS 142 (C++)\Lab 2 - Pizza\Debug\Lab 2 - Pizza.exe;#1" /manifest "Debug\Lab 2 - Pizza.exe.intermediate.manifest"
       FinalizeBuildStatus:
         Deleting file "Debug\Lab 2 - Pizza.unsuccessfulbuild".
         Touching "Debug\Lab 2 - Pizza.lastbuildstate".
     1>Done Building Project "F:\CS 142 (C++)\Lab 2 - Pizza\Lab 2 - Pizza\Lab 2 - Pizza.vcxproj" (build target(s)).

Build succeeded.

Time Elapsed 00:00:05.44
