Build started 9/23/2013 1:14:27 PM.
     1>Project "F:\CS 142 (C++)\Lab 5 - Plinko with functions\Lab 5 - Plinko with functions\Lab 5 - Plinko with functions.vcxproj" on node 2 (build target(s)).
     1>InitializeBuildStatus:
         Creating "Debug\Lab 5 - Plinko with functions.unsuccessfulbuild" because "AlwaysCreate" was specified.
       ClCompile:
         c:\Program Files (x86)\Microsoft Visual Studio 10.0\VC\bin\CL.exe /c /ZI /nologo /W3 /WX- /Od /Oy- /D _MBCS /Gm /EHsc /RTC1 /MDd /GS /fp:precise /Zc:wchar_t /Zc:forScope /Fo"Debug\\" /Fd"Debug\vc100.pdb" /Gd /TP /analyze- /errorReport:prompt main.cpp
         main.cpp
     1>f:\cs 142 (c++)\lab 5 - plinko with functions\lab 5 - plinko with functions\main.cpp(52): warning C4244: 'return' : conversion from 'double' to 'int', possible loss of data
     1>f:\cs 142 (c++)\lab 5 - plinko with functions\lab 5 - plinko with functions\main.cpp(76): warning C4244: 'return' : conversion from 'double' to 'int', possible loss of data
     1>f:\cs 142 (c++)\lab 5 - plinko with functions\lab 5 - plinko with functions\main.cpp(127): warning C4244: 'return' : conversion from 'double' to 'int', possible loss of data
     1>f:\cs 142 (c++)\lab 5 - plinko with functions\lab 5 - plinko with functions\main.cpp(140): warning C4244: 'return' : conversion from 'double' to 'int', possible loss of data
     1>f:\cs 142 (c++)\lab 5 - plinko with functions\lab 5 - plinko with functions\main.cpp(154): warning C4244: 'return' : conversion from 'double' to 'int', possible loss of data
     1>f:\cs 142 (c++)\lab 5 - plinko with functions\lab 5 - plinko with functions\main.cpp(164): warning C4244: 'argument' : conversion from 'double' to 'int', possible loss of data
     1>f:\cs 142 (c++)\lab 5 - plinko with functions\lab 5 - plinko with functions\main.cpp(165): warning C4244: 'argument' : conversion from 'double' to 'int', possible loss of data
     1>f:\cs 142 (c++)\lab 5 - plinko with functions\lab 5 - plinko with functions\main.cpp(182): warning C4244: 'argument' : conversion from 'double' to 'int', possible loss of data
     1>f:\cs 142 (c++)\lab 5 - plinko with functions\lab 5 - plinko with functions\main.cpp(183): warning C4244: 'argument' : conversion from 'double' to 'int', possible loss of data
     1>f:\cs 142 (c++)\lab 5 - plinko with functions\lab 5 - plinko with functions\main.cpp(185): warning C4244: 'initializing' : conversion from 'double' to 'int', possible loss of data
     1>f:\cs 142 (c++)\lab 5 - plinko with functions\lab 5 - plinko with functions\main.cpp(210): warning C4244: 'argument' : conversion from 'double' to 'int', possible loss of data
       Link:
         c:\Program Files (x86)\Microsoft Visual Studio 10.0\VC\bin\link.exe /ERRORREPORT:PROMPT /OUT:"F:\CS 142 (C++)\Lab 5 - Plinko with functions\Debug\Lab 5 - Plinko with functions.exe" /NOLOGO kernel32.lib user32.lib gdi32.lib winspool.lib comdlg32.lib advapi32.lib shell32.lib ole32.lib oleaut32.lib uuid.lib odbc32.lib odbccp32.lib /MANIFEST /ManifestFile:"Debug\Lab 5 - Plinko with functions.exe.intermediate.manifest" /MANIFESTUAC:"level='asInvoker' uiAccess='false'" /DEBUG /PDB:"F:\CS 142 (C++)\Lab 5 - Plinko with functions\Debug\Lab 5 - Plinko with functions.pdb" /TLBID:1 /DYNAMICBASE /NXCOMPAT /IMPLIB:"F:\CS 142 (C++)\Lab 5 - Plinko with functions\Debug\Lab 5 - Plinko with functions.lib" /MACHINE:X86 Debug\main.obj
         LINK : F:\CS 142 (C++)\Lab 5 - Plinko with functions\Debug\Lab 5 - Plinko with functions.exe not found or not built by the last incremental link; performing full link
         Lab 5 - Plinko with functions.vcxproj -> F:\CS 142 (C++)\Lab 5 - Plinko with functions\Debug\Lab 5 - Plinko with functions.exe
       Manifest:
         C:\Program Files (x86)\Microsoft SDKs\Windows\v7.0A\bin\mt.exe /nologo /verbose /outputresource:"F:\CS 142 (C++)\Lab 5 - Plinko with functions\Debug\Lab 5 - Plinko with functions.exe;#1" /manifest "Debug\Lab 5 - Plinko with functions.exe.intermediate.manifest"
       FinalizeBuildStatus:
         Deleting file "Debug\Lab 5 - Plinko with functions.unsuccessfulbuild".
         Touching "Debug\Lab 5 - Plinko with functions.lastbuildstate".
     1>Done Building Project "F:\CS 142 (C++)\Lab 5 - Plinko with functions\Lab 5 - Plinko with functions\Lab 5 - Plinko with functions.vcxproj" (build target(s)).

Build succeeded.

Time Elapsed 00:00:04.48
